[0.166s] DEBUG:colcon:Command line arguments: ['/usr/bin/colcon', 'build']
[0.166s] DEBUG:colcon:Parsed command line arguments: Namespace(log_base=None, log_level=None, verb_name='build', build_base='build', install_base='install', merge_install=False, symlink_install=False, test_result_base=None, continue_on_error=False, executor='parallel', parallel_workers=4, event_handlers=None, ignore_user_meta=False, metas=['./colcon.meta'], base_paths=['.'], packages_ignore=None, packages_ignore_regex=None, paths=None, packages_up_to=None, packages_up_to_regex=None, packages_above=None, packages_above_and_dependencies=None, packages_above_depth=None, packages_select_by_dep=None, packages_skip_by_dep=None, packages_skip_up_to=None, packages_select_build_failed=False, packages_skip_build_finished=False, packages_select_test_failures=False, packages_skip_test_passed=False, packages_select=None, packages_skip=None, packages_select_regex=None, packages_skip_regex=None, packages_start=None, packages_end=None, allow_overriding=[], cmake_args=None, cmake_target=None, cmake_target_skip_unavailable=False, cmake_clean_cache=False, cmake_clean_first=False, cmake_force_configure=False, ament_cmake_args=None, catkin_cmake_args=None, catkin_skip_building_tests=False, verb_parser=<colcon_defaults.argument_parser.defaults.DefaultArgumentsDecorator object at 0x7a9bb6058370>, verb_extension=<colcon_core.verb.build.BuildVerb object at 0x7a9bb6013eb0>, main=<bound method BuildVerb.main of <colcon_core.verb.build.BuildVerb object at 0x7a9bb6013eb0>>)
[0.472s] Level 1:colcon.colcon_core.package_discovery:discover_packages(colcon_meta) check parameters
[0.473s] Level 1:colcon.colcon_core.package_discovery:discover_packages(recursive) check parameters
[0.473s] Level 1:colcon.colcon_core.package_discovery:discover_packages(ignore) check parameters
[0.473s] Level 1:colcon.colcon_core.package_discovery:discover_packages(path) check parameters
[0.473s] Level 1:colcon.colcon_core.package_discovery:discover_packages(colcon_meta) discover
[0.473s] Level 1:colcon.colcon_core.package_discovery:discover_packages(recursive) discover
[0.473s] INFO:colcon.colcon_core.package_discovery:Crawling recursively for packages in '/home/ivan/Escritorio/MiniProyects/1/WS'
[0.473s] Level 1:colcon.colcon_core.package_identification:_identify(.) by extensions ['ignore', 'ignore_ament_install']
[0.474s] Level 1:colcon.colcon_core.package_identification:_identify(.) by extension 'ignore'
[0.474s] Level 1:colcon.colcon_core.package_identification:_identify(.) by extension 'ignore_ament_install'
[0.474s] Level 1:colcon.colcon_core.package_identification:_identify(.) by extensions ['colcon_pkg']
[0.474s] Level 1:colcon.colcon_core.package_identification:_identify(.) by extension 'colcon_pkg'
[0.474s] Level 1:colcon.colcon_core.package_identification:_identify(.) by extensions ['colcon_meta']
[0.474s] Level 1:colcon.colcon_core.package_identification:_identify(.) by extension 'colcon_meta'
[0.475s] Level 1:colcon.colcon_core.package_identification:_identify(.) by extensions ['ros']
[0.475s] Level 1:colcon.colcon_core.package_identification:_identify(.) by extension 'ros'
[0.493s] Level 1:colcon.colcon_core.package_identification:_identify(.) by extensions ['cmake', 'python']
[0.493s] Level 1:colcon.colcon_core.package_identification:_identify(.) by extension 'cmake'
[0.494s] Level 1:colcon.colcon_core.package_identification:_identify(.) by extension 'python'
[0.494s] Level 1:colcon.colcon_core.package_identification:_identify(.) by extensions ['python_setup_py']
[0.494s] Level 1:colcon.colcon_core.package_identification:_identify(.) by extension 'python_setup_py'
[0.494s] Level 1:colcon.colcon_core.package_identification:_identify(build) by extensions ['ignore', 'ignore_ament_install']
[0.495s] Level 1:colcon.colcon_core.package_identification:_identify(build) by extension 'ignore'
[0.495s] Level 1:colcon.colcon_core.package_identification:_identify(build) ignored
[0.495s] Level 1:colcon.colcon_core.package_identification:_identify(install) by extensions ['ignore', 'ignore_ament_install']
[0.496s] Level 1:colcon.colcon_core.package_identification:_identify(install) by extension 'ignore'
[0.496s] Level 1:colcon.colcon_core.package_identification:_identify(install) ignored
[0.496s] Level 1:colcon.colcon_core.package_identification:_identify(log) by extensions ['ignore', 'ignore_ament_install']
[0.497s] Level 1:colcon.colcon_core.package_identification:_identify(log) by extension 'ignore'
[0.497s] Level 1:colcon.colcon_core.package_identification:_identify(log) ignored
[0.498s] Level 1:colcon.colcon_core.package_identification:_identify(src) by extensions ['ignore', 'ignore_ament_install']
[0.498s] Level 1:colcon.colcon_core.package_identification:_identify(src) by extension 'ignore'
[0.498s] Level 1:colcon.colcon_core.package_identification:_identify(src) by extension 'ignore_ament_install'
[0.498s] Level 1:colcon.colcon_core.package_identification:_identify(src) by extensions ['colcon_pkg']
[0.499s] Level 1:colcon.colcon_core.package_identification:_identify(src) by extension 'colcon_pkg'
[0.499s] Level 1:colcon.colcon_core.package_identification:_identify(src) by extensions ['colcon_meta']
[0.499s] Level 1:colcon.colcon_core.package_identification:_identify(src) by extension 'colcon_meta'
[0.499s] Level 1:colcon.colcon_core.package_identification:_identify(src) by extensions ['ros']
[0.500s] Level 1:colcon.colcon_core.package_identification:_identify(src) by extension 'ros'
[0.500s] Level 1:colcon.colcon_core.package_identification:_identify(src) by extensions ['cmake', 'python']
[0.500s] Level 1:colcon.colcon_core.package_identification:_identify(src) by extension 'cmake'
[0.500s] Level 1:colcon.colcon_core.package_identification:_identify(src) by extension 'python'
[0.501s] Level 1:colcon.colcon_core.package_identification:_identify(src) by extensions ['python_setup_py']
[0.501s] Level 1:colcon.colcon_core.package_identification:_identify(src) by extension 'python_setup_py'
[0.501s] Level 1:colcon.colcon_core.package_identification:_identify(src/Escritor) by extensions ['ignore', 'ignore_ament_install']
[0.501s] Level 1:colcon.colcon_core.package_identification:_identify(src/Escritor) by extension 'ignore'
[0.501s] Level 1:colcon.colcon_core.package_identification:_identify(src/Escritor) by extension 'ignore_ament_install'
[0.501s] Level 1:colcon.colcon_core.package_identification:_identify(src/Escritor) by extensions ['colcon_pkg']
[0.501s] Level 1:colcon.colcon_core.package_identification:_identify(src/Escritor) by extension 'colcon_pkg'
[0.501s] Level 1:colcon.colcon_core.package_identification:_identify(src/Escritor) by extensions ['colcon_meta']
[0.501s] Level 1:colcon.colcon_core.package_identification:_identify(src/Escritor) by extension 'colcon_meta'
[0.502s] Level 1:colcon.colcon_core.package_identification:_identify(src/Escritor) by extensions ['ros']
[0.502s] Level 1:colcon.colcon_core.package_identification:_identify(src/Escritor) by extension 'ros'
[0.507s] DEBUG:colcon.colcon_core.package_identification:Package 'src/Escritor' with type 'ros.ament_python' and name 'Escritor'
[0.507s] Level 1:colcon.colcon_core.package_discovery:discover_packages(recursive) using defaults
[0.507s] Level 1:colcon.colcon_core.package_discovery:discover_packages(ignore) discover
[0.507s] Level 1:colcon.colcon_core.package_discovery:discover_packages(ignore) using defaults
[0.507s] Level 1:colcon.colcon_core.package_discovery:discover_packages(path) discover
[0.508s] Level 1:colcon.colcon_core.package_discovery:discover_packages(path) using defaults
[0.552s] Level 1:colcon.colcon_core.package_discovery:discover_packages(prefix_path) check parameters
[0.552s] Level 1:colcon.colcon_core.package_discovery:discover_packages(prefix_path) discover
[0.580s] WARNING:colcon.colcon_core.prefix_path.colcon:The path '/home/ivan/Escritorio/MiniProyects/1/WS/src/Escritor/install' in the environment variable COLCON_PREFIX_PATH doesn't exist
[0.580s] WARNING:colcon.colcon_ros.prefix_path.ament:The path '/home/ivan/Escritorio/MiniProyects/1/WS/src/Escritor/install/Escritor' in the environment variable AMENT_PREFIX_PATH doesn't exist
[0.582s] DEBUG:colcon.colcon_installed_package_information.package_discovery:Found 1 installed packages in /home/ivan/Escritorio/MiniProyects/1/WS/install
[0.583s] DEBUG:colcon.colcon_installed_package_information.package_discovery:Found 330 installed packages in /opt/ros/humble
[0.586s] Level 1:colcon.colcon_core.package_discovery:discover_packages(prefix_path) using defaults
[0.679s] Level 5:colcon.colcon_core.verb:set package 'Escritor' build argument 'cmake_args' from command line to 'None'
[0.679s] Level 5:colcon.colcon_core.verb:set package 'Escritor' build argument 'cmake_target' from command line to 'None'
[0.679s] Level 5:colcon.colcon_core.verb:set package 'Escritor' build argument 'cmake_target_skip_unavailable' from command line to 'False'
[0.679s] Level 5:colcon.colcon_core.verb:set package 'Escritor' build argument 'cmake_clean_cache' from command line to 'False'
[0.679s] Level 5:colcon.colcon_core.verb:set package 'Escritor' build argument 'cmake_clean_first' from command line to 'False'
[0.679s] Level 5:colcon.colcon_core.verb:set package 'Escritor' build argument 'cmake_force_configure' from command line to 'False'
[0.680s] Level 5:colcon.colcon_core.verb:set package 'Escritor' build argument 'ament_cmake_args' from command line to 'None'
[0.680s] Level 5:colcon.colcon_core.verb:set package 'Escritor' build argument 'catkin_cmake_args' from command line to 'None'
[0.680s] Level 5:colcon.colcon_core.verb:set package 'Escritor' build argument 'catkin_skip_building_tests' from command line to 'False'
[0.680s] DEBUG:colcon.colcon_core.verb:Building package 'Escritor' with the following arguments: {'ament_cmake_args': None, 'build_base': '/home/ivan/Escritorio/MiniProyects/1/WS/build/Escritor', 'catkin_cmake_args': None, 'catkin_skip_building_tests': False, 'cmake_args': None, 'cmake_clean_cache': False, 'cmake_clean_first': False, 'cmake_force_configure': False, 'cmake_target': None, 'cmake_target_skip_unavailable': False, 'install_base': '/home/ivan/Escritorio/MiniProyects/1/WS/install/Escritor', 'merge_install': False, 'path': '/home/ivan/Escritorio/MiniProyects/1/WS/src/Escritor', 'symlink_install': False, 'test_result_base': None}
[0.680s] INFO:colcon.colcon_core.executor:Executing jobs using 'parallel' executor
[0.681s] DEBUG:colcon.colcon_parallel_executor.executor.parallel:run_until_complete
[0.681s] INFO:colcon.colcon_ros.task.ament_python.build:Building ROS package in '/home/ivan/Escritorio/MiniProyects/1/WS/src/Escritor' with build type 'ament_python'
[0.682s] Level 1:colcon.colcon_core.shell:create_environment_hook('Escritor', 'ament_prefix_path')
[0.684s] INFO:colcon.colcon_core.plugin_system:Skipping extension 'colcon_core.shell.bat': Not used on non-Windows systems
[0.685s] INFO:colcon.colcon_core.shell:Creating environment hook '/home/ivan/Escritorio/MiniProyects/1/WS/install/Escritor/share/Escritor/hook/ament_prefix_path.ps1'
[0.687s] INFO:colcon.colcon_core.shell:Creating environment descriptor '/home/ivan/Escritorio/MiniProyects/1/WS/install/Escritor/share/Escritor/hook/ament_prefix_path.dsv'
[0.688s] INFO:colcon.colcon_core.shell:Creating environment hook '/home/ivan/Escritorio/MiniProyects/1/WS/install/Escritor/share/Escritor/hook/ament_prefix_path.sh'
[0.690s] INFO:colcon.colcon_core.shell:Skip shell extension 'powershell' for command environment: Not usable outside of PowerShell
[0.690s] DEBUG:colcon.colcon_core.shell:Skip shell extension 'dsv' for command environment
[1.235s] INFO:colcon.colcon_core.task.python.build:Building Python package in '/home/ivan/Escritorio/MiniProyects/1/WS/src/Escritor'
[1.236s] INFO:colcon.colcon_core.shell:Skip shell extension 'powershell' for command environment: Not usable outside of PowerShell
[1.236s] DEBUG:colcon.colcon_core.shell:Skip shell extension 'dsv' for command environment
[1.909s] DEBUG:colcon.colcon_core.event_handler.log_command:Invoking command in '/home/ivan/Escritorio/MiniProyects/1/WS/src/Escritor': PYTHONPATH=/home/ivan/Escritorio/MiniProyects/1/WS/build/Escritor/prefix_override:/usr/lib/python3/dist-packages/colcon_core/task/python/colcon_distutils_commands:/home/ivan/Escritorio/MiniProyects/1/WS/install/Escritor/lib/python3.10/site-packages:${PYTHONPATH} /usr/bin/python3 -W ignore:setup.py install is deprecated -W ignore:easy_install command is deprecated setup.py egg_info --egg-base ../../build/Escritor build --build-base /home/ivan/Escritorio/MiniProyects/1/WS/build/Escritor/build install --record /home/ivan/Escritorio/MiniProyects/1/WS/build/Escritor/install.log --single-version-externally-managed install_data
[2.501s] DEBUG:colcon.colcon_core.event_handler.log_command:Invoked command in '/home/ivan/Escritorio/MiniProyects/1/WS/src/Escritor' returned '0': PYTHONPATH=/home/ivan/Escritorio/MiniProyects/1/WS/build/Escritor/prefix_override:/usr/lib/python3/dist-packages/colcon_core/task/python/colcon_distutils_commands:/home/ivan/Escritorio/MiniProyects/1/WS/install/Escritor/lib/python3.10/site-packages:${PYTHONPATH} /usr/bin/python3 -W ignore:setup.py install is deprecated -W ignore:easy_install command is deprecated setup.py egg_info --egg-base ../../build/Escritor build --build-base /home/ivan/Escritorio/MiniProyects/1/WS/build/Escritor/build install --record /home/ivan/Escritorio/MiniProyects/1/WS/build/Escritor/install.log --single-version-externally-managed install_data
[2.504s] Level 1:colcon.colcon_core.environment:checking '/home/ivan/Escritorio/MiniProyects/1/WS/install/Escritor' for CMake module files
[2.505s] Level 1:colcon.colcon_core.environment:checking '/home/ivan/Escritorio/MiniProyects/1/WS/install/Escritor' for CMake config files
[2.507s] Level 1:colcon.colcon_core.environment:checking '/home/ivan/Escritorio/MiniProyects/1/WS/install/Escritor/lib'
[2.507s] Level 1:colcon.colcon_core.environment:checking '/home/ivan/Escritorio/MiniProyects/1/WS/install/Escritor/bin'
[2.508s] Level 1:colcon.colcon_core.environment:checking '/home/ivan/Escritorio/MiniProyects/1/WS/install/Escritor/lib/pkgconfig/Escritor.pc'
[2.514s] Level 1:colcon.colcon_core.environment:checking '/home/ivan/Escritorio/MiniProyects/1/WS/install/Escritor/lib/python3.10/site-packages'
[2.514s] Level 1:colcon.colcon_core.shell:create_environment_hook('Escritor', 'pythonpath')
[2.515s] INFO:colcon.colcon_core.shell:Creating environment hook '/home/ivan/Escritorio/MiniProyects/1/WS/install/Escritor/share/Escritor/hook/pythonpath.ps1'
[2.516s] INFO:colcon.colcon_core.shell:Creating environment descriptor '/home/ivan/Escritorio/MiniProyects/1/WS/install/Escritor/share/Escritor/hook/pythonpath.dsv'
[2.518s] INFO:colcon.colcon_core.shell:Creating environment hook '/home/ivan/Escritorio/MiniProyects/1/WS/install/Escritor/share/Escritor/hook/pythonpath.sh'
[2.520s] Level 1:colcon.colcon_core.environment:checking '/home/ivan/Escritorio/MiniProyects/1/WS/install/Escritor/bin'
[2.521s] Level 1:colcon.colcon_core.environment:create_environment_scripts_only(Escritor)
[2.522s] INFO:colcon.colcon_core.shell:Creating package script '/home/ivan/Escritorio/MiniProyects/1/WS/install/Escritor/share/Escritor/package.ps1'
[2.526s] INFO:colcon.colcon_core.shell:Creating package descriptor '/home/ivan/Escritorio/MiniProyects/1/WS/install/Escritor/share/Escritor/package.dsv'
[2.527s] INFO:colcon.colcon_core.shell:Creating package script '/home/ivan/Escritorio/MiniProyects/1/WS/install/Escritor/share/Escritor/package.sh'
[2.529s] INFO:colcon.colcon_core.shell:Creating package script '/home/ivan/Escritorio/MiniProyects/1/WS/install/Escritor/share/Escritor/package.bash'
[2.531s] INFO:colcon.colcon_core.shell:Creating package script '/home/ivan/Escritorio/MiniProyects/1/WS/install/Escritor/share/Escritor/package.zsh'
[2.532s] Level 1:colcon.colcon_core.environment:create_file_with_runtime_dependencies(/home/ivan/Escritorio/MiniProyects/1/WS/install/Escritor/share/colcon-core/packages/Escritor)
[2.533s] DEBUG:colcon.colcon_parallel_executor.executor.parallel:closing loop
[2.534s] DEBUG:colcon.colcon_parallel_executor.executor.parallel:loop closed
[2.535s] DEBUG:colcon.colcon_parallel_executor.executor.parallel:run_until_complete finished with '0'
[2.535s] DEBUG:colcon.colcon_core.event_reactor:joining thread
[2.543s] INFO:colcon.colcon_core.plugin_system:Skipping extension 'colcon_notification.desktop_notification.terminal_notifier': Not used on non-Darwin systems
[2.543s] INFO:colcon.colcon_core.plugin_system:Skipping extension 'colcon_notification.desktop_notification.win32': Not used on non-Windows systems
[2.543s] INFO:colcon.colcon_notification.desktop_notification:Sending desktop notification using 'notify2'
[2.582s] DEBUG:colcon.colcon_core.event_reactor:joined thread
[2.585s] INFO:colcon.colcon_core.shell:Creating prefix script '/home/ivan/Escritorio/MiniProyects/1/WS/install/local_setup.ps1'
[2.587s] INFO:colcon.colcon_core.shell:Creating prefix util module '/home/ivan/Escritorio/MiniProyects/1/WS/install/_local_setup_util_ps1.py'
[2.595s] INFO:colcon.colcon_core.shell:Creating prefix chain script '/home/ivan/Escritorio/MiniProyects/1/WS/install/setup.ps1'
[2.598s] INFO:colcon.colcon_core.shell:Creating prefix script '/home/ivan/Escritorio/MiniProyects/1/WS/install/local_setup.sh'
[2.600s] INFO:colcon.colcon_core.shell:Creating prefix util module '/home/ivan/Escritorio/MiniProyects/1/WS/install/_local_setup_util_sh.py'
[2.603s] INFO:colcon.colcon_core.shell:Creating prefix chain script '/home/ivan/Escritorio/MiniProyects/1/WS/install/setup.sh'
[2.607s] INFO:colcon.colcon_core.shell:Creating prefix script '/home/ivan/Escritorio/MiniProyects/1/WS/install/local_setup.bash'
[2.609s] INFO:colcon.colcon_core.shell:Creating prefix chain script '/home/ivan/Escritorio/MiniProyects/1/WS/install/setup.bash'
[2.613s] INFO:colcon.colcon_core.shell:Creating prefix script '/home/ivan/Escritorio/MiniProyects/1/WS/install/local_setup.zsh'
[2.615s] INFO:colcon.colcon_core.shell:Creating prefix chain script '/home/ivan/Escritorio/MiniProyects/1/WS/install/setup.zsh'
