[1.819s] Invoking command in '/home/ivan/Escritorio/MiniProyects/1/GH/WS/src/Escritor': PYTHONPATH=/home/ivan/Escritorio/MiniProyects/1/GH/WS/build/Escritor/prefix_override:/usr/lib/python3/dist-packages/colcon_core/task/python/colcon_distutils_commands:/home/ivan/Escritorio/MiniProyects/1/GH/WS/install/Escritor/lib/python3.10/site-packages:${PYTHONPATH} /usr/bin/python3 -W ignore:setup.py install is deprecated -W ignore:easy_install command is deprecated setup.py egg_info --egg-base ../../build/Escritor build --build-base /home/ivan/Escritorio/MiniProyects/1/GH/WS/build/Escritor/build install --record /home/ivan/Escritorio/MiniProyects/1/GH/WS/build/Escritor/install.log --single-version-externally-managed install_data
[2.512s] running egg_info
[2.515s] writing ../../build/Escritor/Escritor.egg-info/PKG-INFO
[2.516s] writing dependency_links to ../../build/Escritor/Escritor.egg-info/dependency_links.txt
[2.517s] writing entry points to ../../build/Escritor/Escritor.egg-info/entry_points.txt
[2.517s] writing requirements to ../../build/Escritor/Escritor.egg-info/requires.txt
[2.518s] writing top-level names to ../../build/Escritor/Escritor.egg-info/top_level.txt
[2.522s] reading manifest file '../../build/Escritor/Escritor.egg-info/SOURCES.txt'
[2.526s] writing manifest file '../../build/Escritor/Escritor.egg-info/SOURCES.txt'
[2.527s] running build
[2.527s] running build_py
[2.527s] copying Escritor/NodoEscritor.py -> /home/ivan/Escritorio/MiniProyects/1/GH/WS/build/Escritor/build/lib/Escritor
[2.527s] running install
[2.528s] running install_lib
[2.530s] copying /home/ivan/Escritorio/MiniProyects/1/GH/WS/build/Escritor/build/lib/Escritor/NodoEscritor.py -> /home/ivan/Escritorio/MiniProyects/1/GH/WS/install/Escritor/lib/python3.10/site-packages/Escritor
[2.531s] byte-compiling /home/ivan/Escritorio/MiniProyects/1/GH/WS/install/Escritor/lib/python3.10/site-packages/Escritor/NodoEscritor.py to NodoEscritor.cpython-310.pyc
[2.540s] running install_data
[2.543s] running install_egg_info
[2.548s] removing '/home/ivan/Escritorio/MiniProyects/1/GH/WS/install/Escritor/lib/python3.10/site-packages/Escritor-0.0.0-py3.10.egg-info' (and everything under it)
[2.549s] Copying ../../build/Escritor/Escritor.egg-info to /home/ivan/Escritorio/MiniProyects/1/GH/WS/install/Escritor/lib/python3.10/site-packages/Escritor-0.0.0-py3.10.egg-info
[2.551s] running install_scripts
[2.601s] Installing NodoEscritor script to /home/ivan/Escritorio/MiniProyects/1/GH/WS/install/Escritor/lib/Escritor
[2.601s] writing list of installed files to '/home/ivan/Escritorio/MiniProyects/1/GH/WS/build/Escritor/install.log'
[2.701s] Invoked command in '/home/ivan/Escritorio/MiniProyects/1/GH/WS/src/Escritor' returned '0': PYTHONPATH=/home/ivan/Escritorio/MiniProyects/1/GH/WS/build/Escritor/prefix_override:/usr/lib/python3/dist-packages/colcon_core/task/python/colcon_distutils_commands:/home/ivan/Escritorio/MiniProyects/1/GH/WS/install/Escritor/lib/python3.10/site-packages:${PYTHONPATH} /usr/bin/python3 -W ignore:setup.py install is deprecated -W ignore:easy_install command is deprecated setup.py egg_info --egg-base ../../build/Escritor build --build-base /home/ivan/Escritorio/MiniProyects/1/GH/WS/build/Escritor/build install --record /home/ivan/Escritorio/MiniProyects/1/GH/WS/build/Escritor/install.log --single-version-externally-managed install_data
