running egg_info
creating ../../build/Escritor/Escritor.egg-info
writing ../../build/Escritor/Escritor.egg-info/PKG-INFO
writing dependency_links to ../../build/Escritor/Escritor.egg-info/dependency_links.txt
writing entry points to ../../build/Escritor/Escritor.egg-info/entry_points.txt
writing requirements to ../../build/Escritor/Escritor.egg-info/requires.txt
writing top-level names to ../../build/Escritor/Escritor.egg-info/top_level.txt
writing manifest file '../../build/Escritor/Escritor.egg-info/SOURCES.txt'
reading manifest file '../../build/Escritor/Escritor.egg-info/SOURCES.txt'
writing manifest file '../../build/Escritor/Escritor.egg-info/SOURCES.txt'
running build
running build_py
creating /home/ivan/Escritorio/MiniProyects/1/WS/build/Escritor/build
creating /home/ivan/Escritorio/MiniProyects/1/WS/build/Escritor/build/lib
creating /home/ivan/Escritorio/MiniProyects/1/WS/build/Escritor/build/lib/Escritor
copying Escritor/__init__.py -> /home/ivan/Escritorio/MiniProyects/1/WS/build/Escritor/build/lib/Escritor
running install
running install_lib
creating /home/ivan/Escritorio/MiniProyects/1/WS/install/Escritor/lib/python3.10/site-packages/Escritor
copying /home/ivan/Escritorio/MiniProyects/1/WS/build/Escritor/build/lib/Escritor/__init__.py -> /home/ivan/Escritorio/MiniProyects/1/WS/install/Escritor/lib/python3.10/site-packages/Escritor
byte-compiling /home/ivan/Escritorio/MiniProyects/1/WS/install/Escritor/lib/python3.10/site-packages/Escritor/__init__.py to __init__.cpython-310.pyc
running install_data
creating /home/ivan/Escritorio/MiniProyects/1/WS/install/Escritor/share/ament_index
creating /home/ivan/Escritorio/MiniProyects/1/WS/install/Escritor/share/ament_index/resource_index
creating /home/ivan/Escritorio/MiniProyects/1/WS/install/Escritor/share/ament_index/resource_index/packages
copying resource/Escritor -> /home/ivan/Escritorio/MiniProyects/1/WS/install/Escritor/share/ament_index/resource_index/packages
copying package.xml -> /home/ivan/Escritorio/MiniProyects/1/WS/install/Escritor/share/Escritor
running install_egg_info
Copying ../../build/Escritor/Escritor.egg-info to /home/ivan/Escritorio/MiniProyects/1/WS/install/Escritor/lib/python3.10/site-packages/Escritor-0.0.0-py3.10.egg-info
running install_scripts
Installing writer_node script to /home/ivan/Escritorio/MiniProyects/1/WS/install/Escritor/lib/Escritor
writing list of installed files to '/home/ivan/Escritorio/MiniProyects/1/WS/build/Escritor/install.log'
