[1.873s] Invoking command in '/home/ivan/Escritorio/MiniProyects/1/GH/WS/src/Escritor': PYTHONPATH=/home/ivan/Escritorio/MiniProyects/1/GH/WS/build/Escritor/prefix_override:/usr/lib/python3/dist-packages/colcon_core/task/python/colcon_distutils_commands:/home/ivan/Escritorio/MiniProyects/1/GH/WS/install/Escritor/lib/python3.10/site-packages:${PYTHONPATH} /usr/bin/python3 -W ignore:setup.py install is deprecated -W ignore:easy_install command is deprecated setup.py egg_info --egg-base ../../build/Escritor build --build-base /home/ivan/Escritorio/MiniProyects/1/GH/WS/build/Escritor/build install --record /home/ivan/Escritorio/MiniProyects/1/GH/WS/build/Escritor/install.log --single-version-externally-managed install_data
[2.912s] running egg_info
[2.914s] writing ../../build/Escritor/Escritor.egg-info/PKG-INFO
[2.915s] writing dependency_links to ../../build/Escritor/Escritor.egg-info/dependency_links.txt
[2.917s] writing entry points to ../../build/Escritor/Escritor.egg-info/entry_points.txt
[2.917s] writing requirements to ../../build/Escritor/Escritor.egg-info/requires.txt
[2.917s] writing top-level names to ../../build/Escritor/Escritor.egg-info/top_level.txt
[2.929s] reading manifest file '../../build/Escritor/Escritor.egg-info/SOURCES.txt'
[2.932s] writing manifest file '../../build/Escritor/Escritor.egg-info/SOURCES.txt'
[2.932s] running build
[2.933s] running build_py
[2.933s] copying Escritor/NodoEscritor.py -> /home/ivan/Escritorio/MiniProyects/1/GH/WS/build/Escritor/build/lib/Escritor
[2.933s] running install
[2.934s] running install_lib
[2.937s] copying /home/ivan/Escritorio/MiniProyects/1/GH/WS/build/Escritor/build/lib/Escritor/NodoEscritor.py -> /home/ivan/Escritorio/MiniProyects/1/GH/WS/install/Escritor/lib/python3.10/site-packages/Escritor
[2.939s] byte-compiling /home/ivan/Escritorio/MiniProyects/1/GH/WS/install/Escritor/lib/python3.10/site-packages/Escritor/NodoEscritor.py to NodoEscritor.cpython-310.pyc
[2.947s] running install_data
[2.949s] running install_egg_info
[2.956s] removing '/home/ivan/Escritorio/MiniProyects/1/GH/WS/install/Escritor/lib/python3.10/site-packages/Escritor-0.0.0-py3.10.egg-info' (and everything under it)
[2.956s] Copying ../../build/Escritor/Escritor.egg-info to /home/ivan/Escritorio/MiniProyects/1/GH/WS/install/Escritor/lib/python3.10/site-packages/Escritor-0.0.0-py3.10.egg-info
[2.959s] running install_scripts
[3.011s] Installing NodoEscritor script to /home/ivan/Escritorio/MiniProyects/1/GH/WS/install/Escritor/lib/Escritor
[3.013s] writing list of installed files to '/home/ivan/Escritorio/MiniProyects/1/GH/WS/build/Escritor/install.log'
[3.112s] Invoked command in '/home/ivan/Escritorio/MiniProyects/1/GH/WS/src/Escritor' returned '0': PYTHONPATH=/home/ivan/Escritorio/MiniProyects/1/GH/WS/build/Escritor/prefix_override:/usr/lib/python3/dist-packages/colcon_core/task/python/colcon_distutils_commands:/home/ivan/Escritorio/MiniProyects/1/GH/WS/install/Escritor/lib/python3.10/site-packages:${PYTHONPATH} /usr/bin/python3 -W ignore:setup.py install is deprecated -W ignore:easy_install command is deprecated setup.py egg_info --egg-base ../../build/Escritor build --build-base /home/ivan/Escritorio/MiniProyects/1/GH/WS/build/Escritor/build install --record /home/ivan/Escritorio/MiniProyects/1/GH/WS/build/Escritor/install.log --single-version-externally-managed install_data
