running egg_info
writing ../../build/Escritor/Escritor.egg-info/PKG-INFO
writing dependency_links to ../../build/Escritor/Escritor.egg-info/dependency_links.txt
writing entry points to ../../build/Escritor/Escritor.egg-info/entry_points.txt
writing requirements to ../../build/Escritor/Escritor.egg-info/requires.txt
writing top-level names to ../../build/Escritor/Escritor.egg-info/top_level.txt
reading manifest file '../../build/Escritor/Escritor.egg-info/SOURCES.txt'
writing manifest file '../../build/Escritor/Escritor.egg-info/SOURCES.txt'
running build
running build_py
copying Escritor/NodoEscritor.py -> /home/ivan/Escritorio/MiniProyects/1/WS/build/Escritor/build/lib/Escritor
running install
running install_lib
copying /home/ivan/Escritorio/MiniProyects/1/WS/build/Escritor/build/lib/Escritor/NodoEscritor.py -> /home/ivan/Escritorio/MiniProyects/1/WS/install/Escritor/lib/python3.10/site-packages/Escritor
byte-compiling /home/ivan/Escritorio/MiniProyects/1/WS/install/Escritor/lib/python3.10/site-packages/Escritor/NodoEscritor.py to NodoEscritor.cpython-310.pyc
Sorry: TabError: inconsistent use of tabs and spaces in indentation (NodoEscritor.py, line 8)
running install_data
running install_egg_info
removing '/home/ivan/Escritorio/MiniProyects/1/WS/install/Escritor/lib/python3.10/site-packages/Escritor-0.0.0-py3.10.egg-info' (and everything under it)
Copying ../../build/Escritor/Escritor.egg-info to /home/ivan/Escritorio/MiniProyects/1/WS/install/Escritor/lib/python3.10/site-packages/Escritor-0.0.0-py3.10.egg-info
running install_scripts
Installing NodoEscritor script to /home/ivan/Escritorio/MiniProyects/1/WS/install/Escritor/lib/Escritor
writing list of installed files to '/home/ivan/Escritorio/MiniProyects/1/WS/build/Escritor/install.log'
