[0.232s] DEBUG:colcon:Command line arguments: ['/usr/bin/colcon', 'build']
[0.232s] DEBUG:colcon:Parsed command line arguments: Namespace(log_base=None, log_level=None, verb_name='build', build_base='build', install_base='install', merge_install=False, symlink_install=False, test_result_base=None, continue_on_error=False, executor='parallel', parallel_workers=4, event_handlers=None, ignore_user_meta=False, metas=['./colcon.meta'], base_paths=['.'], packages_ignore=None, packages_ignore_regex=None, paths=None, packages_up_to=None, packages_up_to_regex=None, packages_above=None, packages_above_and_dependencies=None, packages_above_depth=None, packages_select_by_dep=None, packages_skip_by_dep=None, packages_skip_up_to=None, packages_select_build_failed=False, packages_skip_build_finished=False, packages_select_test_failures=False, packages_skip_test_passed=False, packages_select=None, packages_skip=None, packages_select_regex=None, packages_skip_regex=None, packages_start=None, packages_end=None, allow_overriding=[], cmake_args=None, cmake_target=None, cmake_target_skip_unavailable=False, cmake_clean_cache=False, cmake_clean_first=False, cmake_force_configure=False, ament_cmake_args=None, catkin_cmake_args=None, catkin_skip_building_tests=False, verb_parser=<colcon_defaults.argument_parser.defaults.DefaultArgumentsDecorator object at 0x70a9445cc370>, verb_extension=<colcon_core.verb.build.BuildVerb object at 0x70a944593eb0>, main=<bound method BuildVerb.main of <colcon_core.verb.build.BuildVerb object at 0x70a944593eb0>>)
[0.598s] Level 1:colcon.colcon_core.package_discovery:discover_packages(colcon_meta) check parameters
[0.599s] Level 1:colcon.colcon_core.package_discovery:discover_packages(recursive) check parameters
[0.599s] Level 1:colcon.colcon_core.package_discovery:discover_packages(ignore) check parameters
[0.599s] Level 1:colcon.colcon_core.package_discovery:discover_packages(path) check parameters
[0.599s] Level 1:colcon.colcon_core.package_discovery:discover_packages(colcon_meta) discover
[0.599s] Level 1:colcon.colcon_core.package_discovery:discover_packages(recursive) discover
[0.599s] INFO:colcon.colcon_core.package_discovery:Crawling recursively for packages in '/home/ivan/Escritorio/MiniProyects/1/WS'
[0.599s] Level 1:colcon.colcon_core.package_identification:_identify(.) by extensions ['ignore', 'ignore_ament_install']
[0.599s] Level 1:colcon.colcon_core.package_identification:_identify(.) by extension 'ignore'
[0.599s] Level 1:colcon.colcon_core.package_identification:_identify(.) by extension 'ignore_ament_install'
[0.599s] Level 1:colcon.colcon_core.package_identification:_identify(.) by extensions ['colcon_pkg']
[0.599s] Level 1:colcon.colcon_core.package_identification:_identify(.) by extension 'colcon_pkg'
[0.600s] Level 1:colcon.colcon_core.package_identification:_identify(.) by extensions ['colcon_meta']
[0.600s] Level 1:colcon.colcon_core.package_identification:_identify(.) by extension 'colcon_meta'
[0.600s] Level 1:colcon.colcon_core.package_identification:_identify(.) by extensions ['ros']
[0.600s] Level 1:colcon.colcon_core.package_identification:_identify(.) by extension 'ros'
[0.614s] Level 1:colcon.colcon_core.package_identification:_identify(.) by extensions ['cmake', 'python']
[0.614s] Level 1:colcon.colcon_core.package_identification:_identify(.) by extension 'cmake'
[0.614s] Level 1:colcon.colcon_core.package_identification:_identify(.) by extension 'python'
[0.614s] Level 1:colcon.colcon_core.package_identification:_identify(.) by extensions ['python_setup_py']
[0.614s] Level 1:colcon.colcon_core.package_identification:_identify(.) by extension 'python_setup_py'
[0.615s] Level 1:colcon.colcon_core.package_identification:_identify(build) by extensions ['ignore', 'ignore_ament_install']
[0.615s] Level 1:colcon.colcon_core.package_identification:_identify(build) by extension 'ignore'
[0.615s] Level 1:colcon.colcon_core.package_identification:_identify(build) ignored
[0.615s] Level 1:colcon.colcon_core.package_identification:_identify(install) by extensions ['ignore', 'ignore_ament_install']
[0.615s] Level 1:colcon.colcon_core.package_identification:_identify(install) by extension 'ignore'
[0.615s] Level 1:colcon.colcon_core.package_identification:_identify(install) ignored
[0.616s] Level 1:colcon.colcon_core.package_identification:_identify(log) by extensions ['ignore', 'ignore_ament_install']
[0.616s] Level 1:colcon.colcon_core.package_identification:_identify(log) by extension 'ignore'
[0.616s] Level 1:colcon.colcon_core.package_identification:_identify(log) ignored
[0.616s] Level 1:colcon.colcon_core.package_identification:_identify(src) by extensions ['ignore', 'ignore_ament_install']
[0.616s] Level 1:colcon.colcon_core.package_identification:_identify(src) by extension 'ignore'
[0.616s] Level 1:colcon.colcon_core.package_identification:_identify(src) by extension 'ignore_ament_install'
[0.616s] Level 1:colcon.colcon_core.package_identification:_identify(src) by extensions ['colcon_pkg']
[0.616s] Level 1:colcon.colcon_core.package_identification:_identify(src) by extension 'colcon_pkg'
[0.616s] Level 1:colcon.colcon_core.package_identification:_identify(src) by extensions ['colcon_meta']
[0.617s] Level 1:colcon.colcon_core.package_identification:_identify(src) by extension 'colcon_meta'
[0.617s] Level 1:colcon.colcon_core.package_identification:_identify(src) by extensions ['ros']
[0.617s] Level 1:colcon.colcon_core.package_identification:_identify(src) by extension 'ros'
[0.617s] Level 1:colcon.colcon_core.package_identification:_identify(src) by extensions ['cmake', 'python']
[0.617s] Level 1:colcon.colcon_core.package_identification:_identify(src) by extension 'cmake'
[0.617s] Level 1:colcon.colcon_core.package_identification:_identify(src) by extension 'python'
[0.617s] Level 1:colcon.colcon_core.package_identification:_identify(src) by extensions ['python_setup_py']
[0.617s] Level 1:colcon.colcon_core.package_identification:_identify(src) by extension 'python_setup_py'
[0.617s] Level 1:colcon.colcon_core.package_identification:_identify(src/Escritor) by extensions ['ignore', 'ignore_ament_install']
[0.618s] Level 1:colcon.colcon_core.package_identification:_identify(src/Escritor) by extension 'ignore'
[0.618s] Level 1:colcon.colcon_core.package_identification:_identify(src/Escritor) by extension 'ignore_ament_install'
[0.618s] Level 1:colcon.colcon_core.package_identification:_identify(src/Escritor) by extensions ['colcon_pkg']
[0.618s] Level 1:colcon.colcon_core.package_identification:_identify(src/Escritor) by extension 'colcon_pkg'
[0.618s] Level 1:colcon.colcon_core.package_identification:_identify(src/Escritor) by extensions ['colcon_meta']
[0.618s] Level 1:colcon.colcon_core.package_identification:_identify(src/Escritor) by extension 'colcon_meta'
[0.618s] Level 1:colcon.colcon_core.package_identification:_identify(src/Escritor) by extensions ['ros']
[0.618s] Level 1:colcon.colcon_core.package_identification:_identify(src/Escritor) by extension 'ros'
[0.622s] DEBUG:colcon.colcon_core.package_identification:Package 'src/Escritor' with type 'ros.ament_python' and name 'Escritor'
[0.622s] Level 1:colcon.colcon_core.package_discovery:discover_packages(recursive) using defaults
[0.622s] Level 1:colcon.colcon_core.package_discovery:discover_packages(ignore) discover
[0.622s] Level 1:colcon.colcon_core.package_discovery:discover_packages(ignore) using defaults
[0.622s] Level 1:colcon.colcon_core.package_discovery:discover_packages(path) discover
[0.622s] Level 1:colcon.colcon_core.package_discovery:discover_packages(path) using defaults
[0.668s] Level 1:colcon.colcon_core.package_discovery:discover_packages(prefix_path) check parameters
[0.668s] Level 1:colcon.colcon_core.package_discovery:discover_packages(prefix_path) discover
[0.701s] WARNING:colcon.colcon_core.prefix_path.colcon:The path '/home/ivan/Escritorio/MiniProyects/1/WS/src/Escritor/install' in the environment variable COLCON_PREFIX_PATH doesn't exist
[0.701s] WARNING:colcon.colcon_ros.prefix_path.ament:The path '/home/ivan/Escritorio/MiniProyects/1/WS/src/Escritor/install/Escritor' in the environment variable AMENT_PREFIX_PATH doesn't exist
[0.704s] DEBUG:colcon.colcon_installed_package_information.package_discovery:Found 1 installed packages in /home/ivan/Escritorio/MiniProyects/1/WS/install
[0.707s] DEBUG:colcon.colcon_installed_package_information.package_discovery:Found 330 installed packages in /opt/ros/humble
[0.713s] Level 1:colcon.colcon_core.package_discovery:discover_packages(prefix_path) using defaults
[0.950s] Level 5:colcon.colcon_core.verb:set package 'Escritor' build argument 'cmake_args' from command line to 'None'
[0.950s] Level 5:colcon.colcon_core.verb:set package 'Escritor' build argument 'cmake_target' from command line to 'None'
[0.951s] Level 5:colcon.colcon_core.verb:set package 'Escritor' build argument 'cmake_target_skip_unavailable' from command line to 'False'
[0.951s] Level 5:colcon.colcon_core.verb:set package 'Escritor' build argument 'cmake_clean_cache' from command line to 'False'
[0.951s] Level 5:colcon.colcon_core.verb:set package 'Escritor' build argument 'cmake_clean_first' from command line to 'False'
[0.951s] Level 5:colcon.colcon_core.verb:set package 'Escritor' build argument 'cmake_force_configure' from command line to 'False'
[0.951s] Level 5:colcon.colcon_core.verb:set package 'Escritor' build argument 'ament_cmake_args' from command line to 'None'
[0.951s] Level 5:colcon.colcon_core.verb:set package 'Escritor' build argument 'catkin_cmake_args' from command line to 'None'
[0.951s] Level 5:colcon.colcon_core.verb:set package 'Escritor' build argument 'catkin_skip_building_tests' from command line to 'False'
[0.952s] DEBUG:colcon.colcon_core.verb:Building package 'Escritor' with the following arguments: {'ament_cmake_args': None, 'build_base': '/home/ivan/Escritorio/MiniProyects/1/WS/build/Escritor', 'catkin_cmake_args': None, 'catkin_skip_building_tests': False, 'cmake_args': None, 'cmake_clean_cache': False, 'cmake_clean_first': False, 'cmake_force_configure': False, 'cmake_target': None, 'cmake_target_skip_unavailable': False, 'install_base': '/home/ivan/Escritorio/MiniProyects/1/WS/install/Escritor', 'merge_install': False, 'path': '/home/ivan/Escritorio/MiniProyects/1/WS/src/Escritor', 'symlink_install': False, 'test_result_base': None}
[0.953s] INFO:colcon.colcon_core.executor:Executing jobs using 'parallel' executor
[0.958s] DEBUG:colcon.colcon_parallel_executor.executor.parallel:run_until_complete
[0.959s] INFO:colcon.colcon_ros.task.ament_python.build:Building ROS package in '/home/ivan/Escritorio/MiniProyects/1/WS/src/Escritor' with build type 'ament_python'
[0.960s] Level 1:colcon.colcon_core.shell:create_environment_hook('Escritor', 'ament_prefix_path')
[0.968s] INFO:colcon.colcon_core.plugin_system:Skipping extension 'colcon_core.shell.bat': Not used on non-Windows systems
[0.969s] INFO:colcon.colcon_core.shell:Creating environment hook '/home/ivan/Escritorio/MiniProyects/1/WS/install/Escritor/share/Escritor/hook/ament_prefix_path.ps1'
[0.971s] INFO:colcon.colcon_core.shell:Creating environment descriptor '/home/ivan/Escritorio/MiniProyects/1/WS/install/Escritor/share/Escritor/hook/ament_prefix_path.dsv'
[0.973s] INFO:colcon.colcon_core.shell:Creating environment hook '/home/ivan/Escritorio/MiniProyects/1/WS/install/Escritor/share/Escritor/hook/ament_prefix_path.sh'
[0.977s] INFO:colcon.colcon_core.shell:Skip shell extension 'powershell' for command environment: Not usable outside of PowerShell
[0.977s] DEBUG:colcon.colcon_core.shell:Skip shell extension 'dsv' for command environment
[1.748s] INFO:colcon.colcon_core.task.python.build:Building Python package in '/home/ivan/Escritorio/MiniProyects/1/WS/src/Escritor'
[1.749s] INFO:colcon.colcon_core.shell:Skip shell extension 'powershell' for command environment: Not usable outside of PowerShell
[1.749s] DEBUG:colcon.colcon_core.shell:Skip shell extension 'dsv' for command environment
[2.633s] DEBUG:colcon.colcon_core.event_handler.log_command:Invoking command in '/home/ivan/Escritorio/MiniProyects/1/WS/src/Escritor': PYTHONPATH=/home/ivan/Escritorio/MiniProyects/1/WS/build/Escritor/prefix_override:/usr/lib/python3/dist-packages/colcon_core/task/python/colcon_distutils_commands:/home/ivan/Escritorio/MiniProyects/1/WS/install/Escritor/lib/python3.10/site-packages:${PYTHONPATH} /usr/bin/python3 -W ignore:setup.py install is deprecated -W ignore:easy_install command is deprecated setup.py egg_info --egg-base ../../build/Escritor build --build-base /home/ivan/Escritorio/MiniProyects/1/WS/build/Escritor/build install --record /home/ivan/Escritorio/MiniProyects/1/WS/build/Escritor/install.log --single-version-externally-managed install_data
[3.540s] DEBUG:colcon.colcon_core.event_handler.log_command:Invoked command in '/home/ivan/Escritorio/MiniProyects/1/WS/src/Escritor' returned '0': PYTHONPATH=/home/ivan/Escritorio/MiniProyects/1/WS/build/Escritor/prefix_override:/usr/lib/python3/dist-packages/colcon_core/task/python/colcon_distutils_commands:/home/ivan/Escritorio/MiniProyects/1/WS/install/Escritor/lib/python3.10/site-packages:${PYTHONPATH} /usr/bin/python3 -W ignore:setup.py install is deprecated -W ignore:easy_install command is deprecated setup.py egg_info --egg-base ../../build/Escritor build --build-base /home/ivan/Escritorio/MiniProyects/1/WS/build/Escritor/build install --record /home/ivan/Escritorio/MiniProyects/1/WS/build/Escritor/install.log --single-version-externally-managed install_data
[3.546s] Level 1:colcon.colcon_core.environment:checking '/home/ivan/Escritorio/MiniProyects/1/WS/install/Escritor' for CMake module files
[3.548s] Level 1:colcon.colcon_core.environment:checking '/home/ivan/Escritorio/MiniProyects/1/WS/install/Escritor' for CMake config files
[3.550s] Level 1:colcon.colcon_core.environment:checking '/home/ivan/Escritorio/MiniProyects/1/WS/install/Escritor/lib'
[3.550s] Level 1:colcon.colcon_core.environment:checking '/home/ivan/Escritorio/MiniProyects/1/WS/install/Escritor/bin'
[3.551s] Level 1:colcon.colcon_core.environment:checking '/home/ivan/Escritorio/MiniProyects/1/WS/install/Escritor/lib/pkgconfig/Escritor.pc'
[3.551s] Level 1:colcon.colcon_core.environment:checking '/home/ivan/Escritorio/MiniProyects/1/WS/install/Escritor/lib/python3.10/site-packages'
[3.552s] Level 1:colcon.colcon_core.shell:create_environment_hook('Escritor', 'pythonpath')
[3.553s] INFO:colcon.colcon_core.shell:Creating environment hook '/home/ivan/Escritorio/MiniProyects/1/WS/install/Escritor/share/Escritor/hook/pythonpath.ps1'
[3.555s] INFO:colcon.colcon_core.shell:Creating environment descriptor '/home/ivan/Escritorio/MiniProyects/1/WS/install/Escritor/share/Escritor/hook/pythonpath.dsv'
[3.556s] INFO:colcon.colcon_core.shell:Creating environment hook '/home/ivan/Escritorio/MiniProyects/1/WS/install/Escritor/share/Escritor/hook/pythonpath.sh'
[3.558s] Level 1:colcon.colcon_core.environment:checking '/home/ivan/Escritorio/MiniProyects/1/WS/install/Escritor/bin'
[3.558s] Level 1:colcon.colcon_core.environment:create_environment_scripts_only(Escritor)
[3.559s] INFO:colcon.colcon_core.shell:Creating package script '/home/ivan/Escritorio/MiniProyects/1/WS/install/Escritor/share/Escritor/package.ps1'
[3.561s] INFO:colcon.colcon_core.shell:Creating package descriptor '/home/ivan/Escritorio/MiniProyects/1/WS/install/Escritor/share/Escritor/package.dsv'
[3.562s] INFO:colcon.colcon_core.shell:Creating package script '/home/ivan/Escritorio/MiniProyects/1/WS/install/Escritor/share/Escritor/package.sh'
[3.589s] INFO:colcon.colcon_core.shell:Creating package script '/home/ivan/Escritorio/MiniProyects/1/WS/install/Escritor/share/Escritor/package.bash'
[3.593s] INFO:colcon.colcon_core.shell:Creating package script '/home/ivan/Escritorio/MiniProyects/1/WS/install/Escritor/share/Escritor/package.zsh'
[3.595s] Level 1:colcon.colcon_core.environment:create_file_with_runtime_dependencies(/home/ivan/Escritorio/MiniProyects/1/WS/install/Escritor/share/colcon-core/packages/Escritor)
[3.598s] DEBUG:colcon.colcon_parallel_executor.executor.parallel:closing loop
[3.598s] DEBUG:colcon.colcon_parallel_executor.executor.parallel:loop closed
[3.598s] DEBUG:colcon.colcon_parallel_executor.executor.parallel:run_until_complete finished with '0'
[3.598s] DEBUG:colcon.colcon_core.event_reactor:joining thread
[3.623s] INFO:colcon.colcon_core.plugin_system:Skipping extension 'colcon_notification.desktop_notification.terminal_notifier': Not used on non-Darwin systems
[3.623s] INFO:colcon.colcon_core.plugin_system:Skipping extension 'colcon_notification.desktop_notification.win32': Not used on non-Windows systems
[3.623s] INFO:colcon.colcon_notification.desktop_notification:Sending desktop notification using 'notify2'
[3.696s] DEBUG:colcon.colcon_core.event_reactor:joined thread
[3.697s] INFO:colcon.colcon_core.shell:Creating prefix script '/home/ivan/Escritorio/MiniProyects/1/WS/install/local_setup.ps1'
[3.701s] INFO:colcon.colcon_core.shell:Creating prefix util module '/home/ivan/Escritorio/MiniProyects/1/WS/install/_local_setup_util_ps1.py'
[3.706s] INFO:colcon.colcon_core.shell:Creating prefix chain script '/home/ivan/Escritorio/MiniProyects/1/WS/install/setup.ps1'
[3.709s] INFO:colcon.colcon_core.shell:Creating prefix script '/home/ivan/Escritorio/MiniProyects/1/WS/install/local_setup.sh'
[3.710s] INFO:colcon.colcon_core.shell:Creating prefix util module '/home/ivan/Escritorio/MiniProyects/1/WS/install/_local_setup_util_sh.py'
[3.712s] INFO:colcon.colcon_core.shell:Creating prefix chain script '/home/ivan/Escritorio/MiniProyects/1/WS/install/setup.sh'
[3.715s] INFO:colcon.colcon_core.shell:Creating prefix script '/home/ivan/Escritorio/MiniProyects/1/WS/install/local_setup.bash'
[3.718s] INFO:colcon.colcon_core.shell:Creating prefix chain script '/home/ivan/Escritorio/MiniProyects/1/WS/install/setup.bash'
[3.720s] INFO:colcon.colcon_core.shell:Creating prefix script '/home/ivan/Escritorio/MiniProyects/1/WS/install/local_setup.zsh'
[3.723s] INFO:colcon.colcon_core.shell:Creating prefix chain script '/home/ivan/Escritorio/MiniProyects/1/WS/install/setup.zsh'
